Vivado Simulator v2022.2
Copyright 1986-1999, 2001-2022 Xilinx, Inc. All Rights Reserved.
Running: /home/guilherme/xilinx/Vivado/2022.2/bin/unwrapped/lnx64.o/xelab --incr --debug typical --relax --mt 8 -L xil_defaultlib -L secureip --snapshot tb_datapath_behav xil_defaultlib.tb_datapath -log elaborate.log 
Using 8 slave threads.
Starting static elaboration
Completed static elaboration
Starting simulation data flow analysis
Completed simulation data flow analysis
Time Resolution for simulation is 1ps
Compiling package std.standard
Compiling package std.textio
Compiling package ieee.std_logic_1164
Compiling package xil_defaultlib.pkg_mips
Compiling package ieee.std_logic_arith
Compiling package ieee.std_logic_unsigned
Compiling architecture behavioral of entity xil_defaultlib.registrador [registrador_default]
Compiling architecture behavioral of entity xil_defaultlib.registrador [\registrador(init_value="0001000...]
Compiling architecture behavioral of entity xil_defaultlib.bancoRegistradores [bancoregistradores_default]
Compiling architecture behavioral of entity xil_defaultlib.ula [ula_default]
Compiling architecture behavioral of entity xil_defaultlib.datapath [datapath_default]
Compiling architecture behavioral of entity xil_defaultlib.tb_datapath
Built simulation snapshot tb_datapath_behav
